14:20:51.145 [restartedMain] INFO  c.r.p.PrenotazioniApplication - Starting PrenotazioniApplication using Java 17.0.7 with PID 5818 (/Users/a/Downloads/Git_FS0123-main/prenotazioni/target/classes started by a in /Users/a/Downloads/Git_FS0123-main/prenotazioni)
14:20:51.150 [restartedMain] INFO  c.r.p.PrenotazioniApplication - No active profile set, falling back to 1 default profile: "default"
14:20:51.204 [restartedMain] INFO  o.s.b.d.e.DevToolsPropertyDefaultsPostProcessor - Devtools property defaults active! Set 'spring.devtools.add-properties' to 'false' to disable
14:20:51.204 [restartedMain] INFO  o.s.b.d.e.DevToolsPropertyDefaultsPostProcessor - For additional web related logging consider setting the 'logging.level.web' property to 'DEBUG'
14:20:51.858 [restartedMain] INFO  o.s.d.r.c.RepositoryConfigurationDelegate - Bootstrapping Spring Data JPA repositories in DEFAULT mode.
14:20:51.932 [restartedMain] INFO  o.s.d.r.c.RepositoryConfigurationDelegate - Finished Spring Data repository scanning in 66 ms. Found 5 JPA repository interfaces.
14:20:52.576 [restartedMain] INFO  o.s.b.w.e.tomcat.TomcatWebServer - Tomcat initialized with port(s): 8080 (http)
14:20:52.588 [restartedMain] INFO  o.a.catalina.core.StandardService - Starting service [Tomcat]
14:20:52.588 [restartedMain] INFO  o.a.catalina.core.StandardEngine - Starting Servlet engine: [Apache Tomcat/10.1.8]
14:20:52.650 [restartedMain] INFO  o.a.c.c.C.[Tomcat].[localhost].[/] - Initializing Spring embedded WebApplicationContext
14:20:52.651 [restartedMain] INFO  o.s.b.w.s.c.ServletWebServerApplicationContext - Root WebApplicationContext: initialization completed in 1447 ms
14:20:52.787 [restartedMain] INFO  o.h.jpa.internal.util.LogHelper - HHH000204: Processing PersistenceUnitInfo [name: default]
14:20:52.832 [restartedMain] INFO  org.hibernate.Version - HHH000412: Hibernate ORM core version 6.2.2.Final
14:20:52.835 [restartedMain] INFO  org.hibernate.cfg.Environment - HHH000406: Using bytecode reflection optimizer
14:20:52.950 [restartedMain] INFO  o.h.b.i.BytecodeProviderInitiator - HHH000021: Bytecode provider name : bytebuddy
14:20:53.051 [restartedMain] INFO  o.s.o.j.p.SpringPersistenceUnitInfo - No LoadTimeWeaver setup: ignoring JPA class transformer
14:20:53.065 [restartedMain] INFO  com.zaxxer.hikari.HikariDataSource - HikariPool-1 - Starting...
14:20:53.220 [restartedMain] INFO  com.zaxxer.hikari.pool.HikariPool - HikariPool-1 - Added connection org.postgresql.jdbc.PgConnection@42b99d63
14:20:53.222 [restartedMain] INFO  com.zaxxer.hikari.HikariDataSource - HikariPool-1 - Start completed.
14:20:53.250 [restartedMain] INFO  org.hibernate.orm.dialect - HHH035001: Using dialect: org.hibernate.dialect.PostgreSQLDialect, version: org.hibernate.engine.jdbc.env.internal.JdbcEnvironmentInitiator$DialectResolutionInfoImpl@7e6401a5
14:20:53.454 [restartedMain] INFO  o.h.b.i.BytecodeProviderInitiator - HHH000021: Bytecode provider name : bytebuddy
14:20:54.015 [restartedMain] INFO  o.h.e.t.j.p.i.JtaPlatformInitiator - HHH000490: Using JtaPlatform implementation: [org.hibernate.engine.transaction.jta.platform.internal.NoJtaPlatform]
14:20:54.119 [restartedMain] WARN  o.h.e.jdbc.spi.SqlExceptionHelper - SQL Warning Code: 0, SQLState: 00000
14:20:54.120 [restartedMain] WARN  o.h.e.jdbc.spi.SqlExceptionHelper - constraint "uk_6dotkott2kjsp8vw4d0m25fb7" of relation "users" does not exist, skipping
14:20:54.122 [restartedMain] WARN  o.h.e.jdbc.spi.SqlExceptionHelper - SQL Warning Code: 0, SQLState: 00000
14:20:54.123 [restartedMain] WARN  o.h.e.jdbc.spi.SqlExceptionHelper - constraint "uk_r43af9ap4edm43mmtq01oddj6" of relation "users" does not exist, skipping
14:20:54.140 [restartedMain] INFO  o.s.o.j.LocalContainerEntityManagerFactoryBean - Initialized JPA EntityManagerFactory for persistence unit 'default'
14:20:54.689 [restartedMain] WARN  o.s.b.a.o.j.JpaBaseConfiguration$JpaWebConfiguration - spring.jpa.open-in-view is enabled by default. Therefore, database queries may be performed during view rendering. Explicitly configure spring.jpa.open-in-view to disable this warning
14:20:54.964 [restartedMain] INFO  o.s.s.web.DefaultSecurityFilterChain - Will secure any request with [org.springframework.security.web.session.DisableEncodeUrlFilter@1d12d0c9, org.springframework.security.web.context.request.async.WebAsyncManagerIntegrationFilter@18ef49da, org.springframework.security.web.context.SecurityContextHolderFilter@47419f3f, org.springframework.security.web.header.HeaderWriterFilter@49b37d5f, org.springframework.web.filter.CorsFilter@5c7600db, org.springframework.security.web.authentication.logout.LogoutFilter@4aec356, com.ragalzi.prenotazioni.security.security.JwtAuthenticationFilter@34afca2d, org.springframework.security.web.savedrequest.RequestCacheAwareFilter@2fefc56a, org.springframework.security.web.servletapi.SecurityContextHolderAwareRequestFilter@2d509227, org.springframework.security.web.authentication.AnonymousAuthenticationFilter@717204da, org.springframework.security.web.session.SessionManagementFilter@dc62d59, org.springframework.security.web.access.ExceptionTranslationFilter@33f89b34, org.springframework.security.web.access.intercept.AuthorizationFilter@522aea43]
14:20:55.090 [restartedMain] WARN  o.s.b.a.t.ThymeleafAutoConfiguration$DefaultTemplateResolverConfiguration - Cannot find template location: classpath:/templates/ (please add some templates, check your Thymeleaf configuration, or set spring.thymeleaf.check-template-location=false)
14:20:55.228 [restartedMain] INFO  o.s.b.d.a.OptionalLiveReloadServer - LiveReload server is running on port 35729
14:20:55.262 [restartedMain] INFO  o.s.b.w.e.tomcat.TomcatWebServer - Tomcat started on port(s): 8080 (http) with context path ''
14:20:55.272 [restartedMain] INFO  c.r.p.PrenotazioniApplication - Started PrenotazioniApplication in 4.451 seconds (process running for 10.133)
14:22:43.779 [File Watcher] INFO  o.s.b.d.a.LocalDevToolsAutoConfiguration$RestartingClassPathChangeChangedEventListener - Restarting due to 1 class path change (0 additions, 0 deletions, 1 modification)
14:22:43.791 [Thread-5] INFO  o.a.catalina.core.StandardService - Stopping service [Tomcat]
14:22:43.796 [Thread-5] WARN  o.a.c.loader.WebappClassLoaderBase - The web application [ROOT] appears to have started a thread named [HikariPool-1 housekeeper] but has failed to stop it. This is very likely to create a memory leak. Stack trace of thread:
 java.base@17.0.7/jdk.internal.misc.Unsafe.park(Native Method)
 java.base@17.0.7/java.util.concurrent.locks.LockSupport.parkNanos(LockSupport.java:252)
 java.base@17.0.7/java.util.concurrent.locks.AbstractQueuedSynchronizer$ConditionObject.awaitNanos(AbstractQueuedSynchronizer.java:1672)
 java.base@17.0.7/java.util.concurrent.ScheduledThreadPoolExecutor$DelayedWorkQueue.take(ScheduledThreadPoolExecutor.java:1182)
 java.base@17.0.7/java.util.concurrent.ScheduledThreadPoolExecutor$DelayedWorkQueue.take(ScheduledThreadPoolExecutor.java:899)
 java.base@17.0.7/java.util.concurrent.ThreadPoolExecutor.getTask(ThreadPoolExecutor.java:1062)
 java.base@17.0.7/java.util.concurrent.ThreadPoolExecutor.runWorker(ThreadPoolExecutor.java:1122)
 java.base@17.0.7/java.util.concurrent.ThreadPoolExecutor$Worker.run(ThreadPoolExecutor.java:635)
 java.base@17.0.7/java.lang.Thread.run(Thread.java:833)
14:22:43.802 [Thread-5] INFO  o.s.o.j.LocalContainerEntityManagerFactoryBean - Closing JPA EntityManagerFactory for persistence unit 'default'
14:22:43.805 [Thread-5] INFO  com.zaxxer.hikari.HikariDataSource - HikariPool-1 - Shutdown initiated...
14:22:43.807 [Thread-5] INFO  com.zaxxer.hikari.HikariDataSource - HikariPool-1 - Shutdown completed.
14:22:43.888 [restartedMain] INFO  c.r.p.PrenotazioniApplication - Starting PrenotazioniApplication using Java 17.0.7 with PID 5818 (/Users/a/Downloads/Git_FS0123-main/prenotazioni/target/classes started by a in /Users/a/Downloads/Git_FS0123-main/prenotazioni)
14:22:43.888 [restartedMain] INFO  c.r.p.PrenotazioniApplication - No active profile set, falling back to 1 default profile: "default"
14:22:44.110 [restartedMain] INFO  o.s.d.r.c.RepositoryConfigurationDelegate - Bootstrapping Spring Data JPA repositories in DEFAULT mode.
14:22:44.136 [restartedMain] INFO  o.s.d.r.c.RepositoryConfigurationDelegate - Finished Spring Data repository scanning in 25 ms. Found 5 JPA repository interfaces.
14:22:44.302 [restartedMain] INFO  o.s.b.w.e.tomcat.TomcatWebServer - Tomcat initialized with port(s): 8080 (http)
14:22:44.303 [restartedMain] INFO  o.a.catalina.core.StandardService - Starting service [Tomcat]
14:22:44.303 [restartedMain] INFO  o.a.catalina.core.StandardEngine - Starting Servlet engine: [Apache Tomcat/10.1.8]
14:22:44.319 [restartedMain] INFO  o.a.c.c.C.[Tomcat].[localhost].[/] - Initializing Spring embedded WebApplicationContext
14:22:44.319 [restartedMain] INFO  o.s.b.w.s.c.ServletWebServerApplicationContext - Root WebApplicationContext: initialization completed in 429 ms
14:22:44.386 [restartedMain] INFO  o.h.jpa.internal.util.LogHelper - HHH000204: Processing PersistenceUnitInfo [name: default]
14:22:44.393 [restartedMain] INFO  o.h.b.i.BytecodeProviderInitiator - HHH000021: Bytecode provider name : bytebuddy
14:22:44.393 [restartedMain] INFO  o.s.o.j.p.SpringPersistenceUnitInfo - No LoadTimeWeaver setup: ignoring JPA class transformer
14:22:44.394 [restartedMain] INFO  com.zaxxer.hikari.HikariDataSource - HikariPool-2 - Starting...
14:22:44.423 [restartedMain] INFO  com.zaxxer.hikari.pool.HikariPool - HikariPool-2 - Added connection org.postgresql.jdbc.PgConnection@1e6671a4
14:22:44.423 [restartedMain] INFO  com.zaxxer.hikari.HikariDataSource - HikariPool-2 - Start completed.
14:22:44.431 [restartedMain] INFO  org.hibernate.orm.dialect - HHH035001: Using dialect: org.hibernate.dialect.PostgreSQLDialect, version: org.hibernate.engine.jdbc.env.internal.JdbcEnvironmentInitiator$DialectResolutionInfoImpl@32d0cbf2
14:22:44.455 [restartedMain] INFO  o.h.b.i.BytecodeProviderInitiator - HHH000021: Bytecode provider name : bytebuddy
14:22:44.517 [restartedMain] INFO  o.h.e.t.j.p.i.JtaPlatformInitiator - HHH000490: Using JtaPlatform implementation: [org.hibernate.engine.transaction.jta.platform.internal.NoJtaPlatform]
14:22:44.551 [restartedMain] WARN  o.h.e.jdbc.spi.SqlExceptionHelper - SQL Warning Code: 0, SQLState: 00000
14:22:44.552 [restartedMain] WARN  o.h.e.jdbc.spi.SqlExceptionHelper - constraint "ukr43af9ap4edm43mmtq01oddj6" of relation "users" does not exist, skipping
14:22:44.556 [restartedMain] WARN  o.h.e.jdbc.spi.SqlExceptionHelper - SQL Warning Code: 0, SQLState: 00000
14:22:44.556 [restartedMain] WARN  o.h.e.jdbc.spi.SqlExceptionHelper - constraint "uk6dotkott2kjsp8vw4d0m25fb7" of relation "users" does not exist, skipping
14:22:44.621 [restartedMain] INFO  o.s.o.j.LocalContainerEntityManagerFactoryBean - Initialized JPA EntityManagerFactory for persistence unit 'default'
14:22:44.857 [restartedMain] WARN  o.s.b.a.o.j.JpaBaseConfiguration$JpaWebConfiguration - spring.jpa.open-in-view is enabled by default. Therefore, database queries may be performed during view rendering. Explicitly configure spring.jpa.open-in-view to disable this warning
14:22:44.976 [restartedMain] INFO  o.s.s.web.DefaultSecurityFilterChain - Will secure any request with [org.springframework.security.web.session.DisableEncodeUrlFilter@6e89b0c6, org.springframework.security.web.context.request.async.WebAsyncManagerIntegrationFilter@5f763f9, org.springframework.security.web.context.SecurityContextHolderFilter@1612ce7d, org.springframework.security.web.header.HeaderWriterFilter@68822895, org.springframework.web.filter.CorsFilter@68313c2a, org.springframework.security.web.authentication.logout.LogoutFilter@c0ce325, com.ragalzi.prenotazioni.security.security.JwtAuthenticationFilter@352b5428, org.springframework.security.web.savedrequest.RequestCacheAwareFilter@2a7645b8, org.springframework.security.web.servletapi.SecurityContextHolderAwareRequestFilter@534916e3, org.springframework.security.web.authentication.AnonymousAuthenticationFilter@31b5caf7, org.springframework.security.web.session.SessionManagementFilter@2fae1abb, org.springframework.security.web.access.ExceptionTranslationFilter@bd6f1c6, org.springframework.security.web.access.intercept.AuthorizationFilter@faacefd]
14:22:45.016 [restartedMain] WARN  o.s.b.a.t.ThymeleafAutoConfiguration$DefaultTemplateResolverConfiguration - Cannot find template location: classpath:/templates/ (please add some templates, check your Thymeleaf configuration, or set spring.thymeleaf.check-template-location=false)
14:22:45.087 [restartedMain] INFO  o.s.b.d.a.OptionalLiveReloadServer - LiveReload server is running on port 35729
14:22:45.100 [restartedMain] INFO  o.s.b.w.e.tomcat.TomcatWebServer - Tomcat started on port(s): 8080 (http) with context path ''
14:22:45.105 [restartedMain] INFO  c.r.p.PrenotazioniApplication - Started PrenotazioniApplication in 1.239 seconds (process running for 119.965)
14:22:45.165 [restartedMain] INFO  o.s.b.d.a.ConditionEvaluationDeltaLoggingListener - Condition evaluation unchanged
14:22:48.578 [restartedMain] INFO  c.r.p.PrenotazioniApplication - Starting PrenotazioniApplication using Java 17.0.7 with PID 5858 (/Users/a/Downloads/Git_FS0123-main/prenotazioni/target/classes started by a in /Users/a/Downloads/Git_FS0123-main/prenotazioni)
14:22:48.580 [restartedMain] INFO  c.r.p.PrenotazioniApplication - No active profile set, falling back to 1 default profile: "default"
14:22:48.627 [restartedMain] INFO  o.s.b.d.e.DevToolsPropertyDefaultsPostProcessor - Devtools property defaults active! Set 'spring.devtools.add-properties' to 'false' to disable
14:22:48.627 [restartedMain] INFO  o.s.b.d.e.DevToolsPropertyDefaultsPostProcessor - For additional web related logging consider setting the 'logging.level.web' property to 'DEBUG'
14:22:49.214 [restartedMain] INFO  o.s.d.r.c.RepositoryConfigurationDelegate - Bootstrapping Spring Data JPA repositories in DEFAULT mode.
14:22:49.283 [restartedMain] INFO  o.s.d.r.c.RepositoryConfigurationDelegate - Finished Spring Data repository scanning in 61 ms. Found 5 JPA repository interfaces.
14:22:49.891 [restartedMain] INFO  o.s.b.w.e.tomcat.TomcatWebServer - Tomcat initialized with port(s): 8080 (http)
14:22:49.902 [restartedMain] INFO  o.a.catalina.core.StandardService - Starting service [Tomcat]
14:22:49.902 [restartedMain] INFO  o.a.catalina.core.StandardEngine - Starting Servlet engine: [Apache Tomcat/10.1.8]
14:22:49.990 [restartedMain] INFO  o.a.c.c.C.[Tomcat].[localhost].[/] - Initializing Spring embedded WebApplicationContext
14:22:49.994 [restartedMain] INFO  o.s.b.w.s.c.ServletWebServerApplicationContext - Root WebApplicationContext: initialization completed in 1366 ms
14:22:50.197 [restartedMain] INFO  o.h.jpa.internal.util.LogHelper - HHH000204: Processing PersistenceUnitInfo [name: default]
14:22:50.247 [restartedMain] INFO  org.hibernate.Version - HHH000412: Hibernate ORM core version 6.2.2.Final
14:22:50.249 [restartedMain] INFO  org.hibernate.cfg.Environment - HHH000406: Using bytecode reflection optimizer
14:22:50.359 [restartedMain] INFO  o.h.b.i.BytecodeProviderInitiator - HHH000021: Bytecode provider name : bytebuddy
14:22:50.466 [restartedMain] INFO  o.s.o.j.p.SpringPersistenceUnitInfo - No LoadTimeWeaver setup: ignoring JPA class transformer
14:22:50.480 [restartedMain] INFO  com.zaxxer.hikari.HikariDataSource - HikariPool-1 - Starting...
14:22:50.651 [restartedMain] INFO  com.zaxxer.hikari.pool.HikariPool - HikariPool-1 - Added connection org.postgresql.jdbc.PgConnection@306e6780
14:22:50.653 [restartedMain] INFO  com.zaxxer.hikari.HikariDataSource - HikariPool-1 - Start completed.
14:22:50.691 [restartedMain] INFO  org.hibernate.orm.dialect - HHH035001: Using dialect: org.hibernate.dialect.PostgreSQLDialect, version: org.hibernate.engine.jdbc.env.internal.JdbcEnvironmentInitiator$DialectResolutionInfoImpl@47c457a9
14:22:50.904 [restartedMain] INFO  o.h.b.i.BytecodeProviderInitiator - HHH000021: Bytecode provider name : bytebuddy
14:22:51.475 [restartedMain] INFO  o.h.e.t.j.p.i.JtaPlatformInitiator - HHH000490: Using JtaPlatform implementation: [org.hibernate.engine.transaction.jta.platform.internal.NoJtaPlatform]
14:22:51.550 [File Watcher] INFO  o.s.b.d.a.LocalDevToolsAutoConfiguration$RestartingClassPathChangeChangedEventListener - Restarting due to 1 class path change (0 additions, 0 deletions, 1 modification)
14:22:51.553 [Thread-7] INFO  o.a.catalina.core.StandardService - Stopping service [Tomcat]
14:22:51.555 [Thread-7] WARN  o.a.c.loader.WebappClassLoaderBase - The web application [ROOT] appears to have started a thread named [HikariPool-2 housekeeper] but has failed to stop it. This is very likely to create a memory leak. Stack trace of thread:
 java.base@17.0.7/jdk.internal.misc.Unsafe.park(Native Method)
 java.base@17.0.7/java.util.concurrent.locks.LockSupport.parkNanos(LockSupport.java:252)
 java.base@17.0.7/java.util.concurrent.locks.AbstractQueuedSynchronizer$ConditionObject.awaitNanos(AbstractQueuedSynchronizer.java:1672)
 java.base@17.0.7/java.util.concurrent.ScheduledThreadPoolExecutor$DelayedWorkQueue.take(ScheduledThreadPoolExecutor.java:1182)
 java.base@17.0.7/java.util.concurrent.ScheduledThreadPoolExecutor$DelayedWorkQueue.take(ScheduledThreadPoolExecutor.java:899)
 java.base@17.0.7/java.util.concurrent.ThreadPoolExecutor.getTask(ThreadPoolExecutor.java:1062)
 java.base@17.0.7/java.util.concurrent.ThreadPoolExecutor.runWorker(ThreadPoolExecutor.java:1122)
 java.base@17.0.7/java.util.concurrent.ThreadPoolExecutor$Worker.run(ThreadPoolExecutor.java:635)
 java.base@17.0.7/java.lang.Thread.run(Thread.java:833)
14:22:51.558 [Thread-7] INFO  o.s.o.j.LocalContainerEntityManagerFactoryBean - Closing JPA EntityManagerFactory for persistence unit 'default'
14:22:51.559 [Thread-7] INFO  com.zaxxer.hikari.HikariDataSource - HikariPool-2 - Shutdown initiated...
14:22:51.561 [Thread-7] INFO  com.zaxxer.hikari.HikariDataSource - HikariPool-2 - Shutdown completed.
14:22:51.626 [restartedMain] INFO  o.s.o.j.LocalContainerEntityManagerFactoryBean - Initialized JPA EntityManagerFactory for persistence unit 'default'
14:22:51.647 [restartedMain] INFO  c.r.p.PrenotazioniApplication - Starting PrenotazioniApplication using Java 17.0.7 with PID 5818 (/Users/a/Downloads/Git_FS0123-main/prenotazioni/target/classes started by a in /Users/a/Downloads/Git_FS0123-main/prenotazioni)
14:22:51.648 [restartedMain] INFO  c.r.p.PrenotazioniApplication - No active profile set, falling back to 1 default profile: "default"
14:22:51.820 [restartedMain] INFO  o.s.d.r.c.RepositoryConfigurationDelegate - Bootstrapping Spring Data JPA repositories in DEFAULT mode.
14:22:51.846 [restartedMain] INFO  o.s.d.r.c.RepositoryConfigurationDelegate - Finished Spring Data repository scanning in 24 ms. Found 5 JPA repository interfaces.
14:22:51.975 [restartedMain] INFO  o.s.b.w.e.tomcat.TomcatWebServer - Tomcat initialized with port(s): 8080 (http)
14:22:51.976 [restartedMain] INFO  o.a.catalina.core.StandardService - Starting service [Tomcat]
14:22:51.976 [restartedMain] INFO  o.a.catalina.core.StandardEngine - Starting Servlet engine: [Apache Tomcat/10.1.8]
14:22:51.989 [restartedMain] INFO  o.a.c.c.C.[Tomcat].[localhost].[/] - Initializing Spring embedded WebApplicationContext
14:22:51.989 [restartedMain] INFO  o.s.b.w.s.c.ServletWebServerApplicationContext - Root WebApplicationContext: initialization completed in 340 ms
14:22:52.055 [restartedMain] INFO  o.h.jpa.internal.util.LogHelper - HHH000204: Processing PersistenceUnitInfo [name: default]
14:22:52.063 [restartedMain] INFO  o.h.b.i.BytecodeProviderInitiator - HHH000021: Bytecode provider name : bytebuddy
14:22:52.063 [restartedMain] INFO  o.s.o.j.p.SpringPersistenceUnitInfo - No LoadTimeWeaver setup: ignoring JPA class transformer
14:22:52.064 [restartedMain] INFO  com.zaxxer.hikari.HikariDataSource - HikariPool-3 - Starting...
14:22:52.090 [restartedMain] INFO  com.zaxxer.hikari.pool.HikariPool - HikariPool-3 - Added connection org.postgresql.jdbc.PgConnection@6b833f2c
14:22:52.090 [restartedMain] INFO  com.zaxxer.hikari.HikariDataSource - HikariPool-3 - Start completed.
14:22:52.094 [restartedMain] INFO  org.hibernate.orm.dialect - HHH035001: Using dialect: org.hibernate.dialect.PostgreSQLDialect, version: org.hibernate.engine.jdbc.env.internal.JdbcEnvironmentInitiator$DialectResolutionInfoImpl@eb6e422
14:22:52.113 [restartedMain] INFO  o.h.b.i.BytecodeProviderInitiator - HHH000021: Bytecode provider name : bytebuddy
14:22:52.166 [restartedMain] INFO  o.h.e.t.j.p.i.JtaPlatformInitiator - HHH000490: Using JtaPlatform implementation: [org.hibernate.engine.transaction.jta.platform.internal.NoJtaPlatform]
14:22:52.232 [restartedMain] INFO  o.s.o.j.LocalContainerEntityManagerFactoryBean - Initialized JPA EntityManagerFactory for persistence unit 'default'
14:22:52.294 [restartedMain] WARN  o.s.b.a.o.j.JpaBaseConfiguration$JpaWebConfiguration - spring.jpa.open-in-view is enabled by default. Therefore, database queries may be performed during view rendering. Explicitly configure spring.jpa.open-in-view to disable this warning
14:22:52.484 [restartedMain] WARN  o.s.b.a.o.j.JpaBaseConfiguration$JpaWebConfiguration - spring.jpa.open-in-view is enabled by default. Therefore, database queries may be performed during view rendering. Explicitly configure spring.jpa.open-in-view to disable this warning
14:22:52.603 [restartedMain] INFO  o.s.s.web.DefaultSecurityFilterChain - Will secure any request with [org.springframework.security.web.session.DisableEncodeUrlFilter@47884ff7, org.springframework.security.web.context.request.async.WebAsyncManagerIntegrationFilter@6e9d34, org.springframework.security.web.context.SecurityContextHolderFilter@4d361619, org.springframework.security.web.header.HeaderWriterFilter@5cff479, org.springframework.web.filter.CorsFilter@1012fa5c, org.springframework.security.web.authentication.logout.LogoutFilter@42ecb31a, com.ragalzi.prenotazioni.security.security.JwtAuthenticationFilter@5de224fd, org.springframework.security.web.savedrequest.RequestCacheAwareFilter@169bddb7, org.springframework.security.web.servletapi.SecurityContextHolderAwareRequestFilter@4f5effa4, org.springframework.security.web.authentication.AnonymousAuthenticationFilter@f71d52c, org.springframework.security.web.session.SessionManagementFilter@1f02314, org.springframework.security.web.access.ExceptionTranslationFilter@2d5ed0, org.springframework.security.web.access.intercept.AuthorizationFilter@3abfb3c9]
14:22:52.620 [restartedMain] INFO  o.s.s.web.DefaultSecurityFilterChain - Will secure any request with [org.springframework.security.web.session.DisableEncodeUrlFilter@307bcd5a, org.springframework.security.web.context.request.async.WebAsyncManagerIntegrationFilter@6eb615f8, org.springframework.security.web.context.SecurityContextHolderFilter@2b1c265d, org.springframework.security.web.header.HeaderWriterFilter@5e20ea2b, org.springframework.web.filter.CorsFilter@6600931c, org.springframework.security.web.authentication.logout.LogoutFilter@1cf85d70, com.ragalzi.prenotazioni.security.security.JwtAuthenticationFilter@3bd907e, org.springframework.security.web.savedrequest.RequestCacheAwareFilter@3e035131, org.springframework.security.web.servletapi.SecurityContextHolderAwareRequestFilter@67ab8568, org.springframework.security.web.authentication.AnonymousAuthenticationFilter@f79d0b3, org.springframework.security.web.session.SessionManagementFilter@25028095, org.springframework.security.web.access.ExceptionTranslationFilter@7f8d40f7, org.springframework.security.web.access.intercept.AuthorizationFilter@36d5fb0]
14:22:52.672 [restartedMain] WARN  o.s.b.a.t.ThymeleafAutoConfiguration$DefaultTemplateResolverConfiguration - Cannot find template location: classpath:/templates/ (please add some templates, check your Thymeleaf configuration, or set spring.thymeleaf.check-template-location=false)
14:22:52.750 [restartedMain] WARN  o.s.b.a.t.ThymeleafAutoConfiguration$DefaultTemplateResolverConfiguration - Cannot find template location: classpath:/templates/ (please add some templates, check your Thymeleaf configuration, or set spring.thymeleaf.check-template-location=false)
14:22:52.763 [restartedMain] INFO  o.s.b.d.a.OptionalLiveReloadServer - LiveReload server is running on port 35729
14:22:52.782 [restartedMain] INFO  o.s.b.w.e.tomcat.TomcatWebServer - Tomcat started on port(s): 8080 (http) with context path ''
14:22:52.787 [restartedMain] INFO  c.r.p.PrenotazioniApplication - Started PrenotazioniApplication in 1.164 seconds (process running for 127.648)
14:22:52.790 [restartedMain] INFO  o.s.b.d.a.ConditionEvaluationDeltaLoggingListener - Condition evaluation unchanged
14:22:52.939 [restartedMain] WARN  o.s.b.d.a.OptionalLiveReloadServer - Unable to start LiveReload server
14:22:52.969 [restartedMain] WARN  o.s.b.w.s.c.AnnotationConfigServletWebServerApplicationContext - Exception encountered during context initialization - cancelling refresh attempt: org.springframework.context.ApplicationContextException: Failed to start bean 'webServerStartStop'
14:22:52.972 [restartedMain] INFO  o.s.o.j.LocalContainerEntityManagerFactoryBean - Closing JPA EntityManagerFactory for persistence unit 'default'
14:22:52.977 [restartedMain] INFO  com.zaxxer.hikari.HikariDataSource - HikariPool-1 - Shutdown initiated...
14:22:52.980 [restartedMain] INFO  com.zaxxer.hikari.HikariDataSource - HikariPool-1 - Shutdown completed.
14:22:52.985 [restartedMain] INFO  o.a.catalina.core.StandardService - Stopping service [Tomcat]
14:22:53.001 [restartedMain] INFO  o.s.b.a.l.ConditionEvaluationReportLogger - 

Error starting ApplicationContext. To display the condition evaluation report re-run your application with 'debug' enabled.
14:22:53.021 [restartedMain] ERROR o.s.b.d.LoggingFailureAnalysisReporter - 

***************************
APPLICATION FAILED TO START
***************************

Description:

Web server failed to start. Port 8080 was already in use.

Action:

Identify and stop the process that's listening on port 8080 or configure this application to listen on another port.

14:22:58.870 [RMI TCP Connection(4)-127.0.0.1] INFO  o.s.b.a.SpringApplicationAdminMXBeanRegistrar$SpringApplicationAdmin - Application shutdown requested.
14:22:58.873 [RMI TCP Connection(4)-127.0.0.1] INFO  o.a.catalina.core.StandardService - Stopping service [Tomcat]
14:22:58.875 [RMI TCP Connection(4)-127.0.0.1] WARN  o.a.c.loader.WebappClassLoaderBase - The web application [ROOT] appears to have started a thread named [HikariPool-3 housekeeper] but has failed to stop it. This is very likely to create a memory leak. Stack trace of thread:
 java.base@17.0.7/jdk.internal.misc.Unsafe.park(Native Method)
 java.base@17.0.7/java.util.concurrent.locks.LockSupport.parkNanos(LockSupport.java:252)
 java.base@17.0.7/java.util.concurrent.locks.AbstractQueuedSynchronizer$ConditionObject.awaitNanos(AbstractQueuedSynchronizer.java:1672)
 java.base@17.0.7/java.util.concurrent.ScheduledThreadPoolExecutor$DelayedWorkQueue.take(ScheduledThreadPoolExecutor.java:1182)
 java.base@17.0.7/java.util.concurrent.ScheduledThreadPoolExecutor$DelayedWorkQueue.take(ScheduledThreadPoolExecutor.java:899)
 java.base@17.0.7/java.util.concurrent.ThreadPoolExecutor.getTask(ThreadPoolExecutor.java:1062)
 java.base@17.0.7/java.util.concurrent.ThreadPoolExecutor.runWorker(ThreadPoolExecutor.java:1122)
 java.base@17.0.7/java.util.concurrent.ThreadPoolExecutor$Worker.run(ThreadPoolExecutor.java:635)
 java.base@17.0.7/java.lang.Thread.run(Thread.java:833)
14:22:58.879 [RMI TCP Connection(4)-127.0.0.1] INFO  o.s.o.j.LocalContainerEntityManagerFactoryBean - Closing JPA EntityManagerFactory for persistence unit 'default'
14:22:58.880 [RMI TCP Connection(4)-127.0.0.1] INFO  com.zaxxer.hikari.HikariDataSource - HikariPool-3 - Shutdown initiated...
14:22:58.882 [RMI TCP Connection(4)-127.0.0.1] INFO  com.zaxxer.hikari.HikariDataSource - HikariPool-3 - Shutdown completed.
14:23:05.914 [restartedMain] INFO  c.r.p.PrenotazioniApplication - Starting PrenotazioniApplication using Java 17.0.7 with PID 5895 (/Users/a/Downloads/Git_FS0123-main/prenotazioni/target/classes started by a in /Users/a/Downloads/Git_FS0123-main/prenotazioni)
14:23:05.917 [restartedMain] INFO  c.r.p.PrenotazioniApplication - No active profile set, falling back to 1 default profile: "default"
14:23:05.975 [restartedMain] INFO  o.s.b.d.e.DevToolsPropertyDefaultsPostProcessor - Devtools property defaults active! Set 'spring.devtools.add-properties' to 'false' to disable
14:23:05.975 [restartedMain] INFO  o.s.b.d.e.DevToolsPropertyDefaultsPostProcessor - For additional web related logging consider setting the 'logging.level.web' property to 'DEBUG'
14:23:06.547 [restartedMain] INFO  o.s.d.r.c.RepositoryConfigurationDelegate - Bootstrapping Spring Data JPA repositories in DEFAULT mode.
14:23:06.614 [restartedMain] INFO  o.s.d.r.c.RepositoryConfigurationDelegate - Finished Spring Data repository scanning in 60 ms. Found 5 JPA repository interfaces.
14:23:07.287 [restartedMain] INFO  o.s.b.w.e.tomcat.TomcatWebServer - Tomcat initialized with port(s): 8080 (http)
14:23:07.299 [restartedMain] INFO  o.a.catalina.core.StandardService - Starting service [Tomcat]
14:23:07.299 [restartedMain] INFO  o.a.catalina.core.StandardEngine - Starting Servlet engine: [Apache Tomcat/10.1.8]
14:23:07.371 [restartedMain] INFO  o.a.c.c.C.[Tomcat].[localhost].[/] - Initializing Spring embedded WebApplicationContext
14:23:07.371 [restartedMain] INFO  o.s.b.w.s.c.ServletWebServerApplicationContext - Root WebApplicationContext: initialization completed in 1395 ms
14:23:07.505 [restartedMain] INFO  o.h.jpa.internal.util.LogHelper - HHH000204: Processing PersistenceUnitInfo [name: default]
14:23:07.551 [restartedMain] INFO  org.hibernate.Version - HHH000412: Hibernate ORM core version 6.2.2.Final
14:23:07.553 [restartedMain] INFO  org.hibernate.cfg.Environment - HHH000406: Using bytecode reflection optimizer
14:23:07.673 [restartedMain] INFO  o.h.b.i.BytecodeProviderInitiator - HHH000021: Bytecode provider name : bytebuddy
14:23:07.800 [restartedMain] INFO  o.s.o.j.p.SpringPersistenceUnitInfo - No LoadTimeWeaver setup: ignoring JPA class transformer
14:23:07.816 [restartedMain] INFO  com.zaxxer.hikari.HikariDataSource - HikariPool-1 - Starting...
14:23:07.971 [restartedMain] INFO  com.zaxxer.hikari.pool.HikariPool - HikariPool-1 - Added connection org.postgresql.jdbc.PgConnection@199a9e4
14:23:07.973 [restartedMain] INFO  com.zaxxer.hikari.HikariDataSource - HikariPool-1 - Start completed.
14:23:08.005 [restartedMain] INFO  org.hibernate.orm.dialect - HHH035001: Using dialect: org.hibernate.dialect.PostgreSQLDialect, version: org.hibernate.engine.jdbc.env.internal.JdbcEnvironmentInitiator$DialectResolutionInfoImpl@140359c2
14:23:08.233 [restartedMain] INFO  o.h.b.i.BytecodeProviderInitiator - HHH000021: Bytecode provider name : bytebuddy
14:23:08.848 [restartedMain] INFO  o.h.e.t.j.p.i.JtaPlatformInitiator - HHH000490: Using JtaPlatform implementation: [org.hibernate.engine.transaction.jta.platform.internal.NoJtaPlatform]
14:23:08.964 [restartedMain] INFO  o.s.o.j.LocalContainerEntityManagerFactoryBean - Initialized JPA EntityManagerFactory for persistence unit 'default'
14:23:09.588 [restartedMain] WARN  o.s.b.a.o.j.JpaBaseConfiguration$JpaWebConfiguration - spring.jpa.open-in-view is enabled by default. Therefore, database queries may be performed during view rendering. Explicitly configure spring.jpa.open-in-view to disable this warning
14:23:09.958 [restartedMain] INFO  o.s.s.web.DefaultSecurityFilterChain - Will secure any request with [org.springframework.security.web.session.DisableEncodeUrlFilter@52294e0, org.springframework.security.web.context.request.async.WebAsyncManagerIntegrationFilter@6a89a34, org.springframework.security.web.context.SecurityContextHolderFilter@37ec7a29, org.springframework.security.web.header.HeaderWriterFilter@14a8104f, org.springframework.web.filter.CorsFilter@413d23c1, org.springframework.security.web.authentication.logout.LogoutFilter@2aacf506, com.ragalzi.prenotazioni.security.security.JwtAuthenticationFilter@448c870c, org.springframework.security.web.savedrequest.RequestCacheAwareFilter@3be67af2, org.springframework.security.web.servletapi.SecurityContextHolderAwareRequestFilter@581c25bc, org.springframework.security.web.authentication.AnonymousAuthenticationFilter@692d487c, org.springframework.security.web.session.SessionManagementFilter@6ebf83cb, org.springframework.security.web.access.ExceptionTranslationFilter@799f9867, org.springframework.security.web.access.intercept.AuthorizationFilter@36f6afe7]
14:23:10.102 [restartedMain] WARN  o.s.b.a.t.ThymeleafAutoConfiguration$DefaultTemplateResolverConfiguration - Cannot find template location: classpath:/templates/ (please add some templates, check your Thymeleaf configuration, or set spring.thymeleaf.check-template-location=false)
14:23:10.244 [restartedMain] INFO  o.s.b.d.a.OptionalLiveReloadServer - LiveReload server is running on port 35729
14:23:10.280 [restartedMain] INFO  o.s.b.w.e.tomcat.TomcatWebServer - Tomcat started on port(s): 8080 (http) with context path ''
14:23:10.297 [restartedMain] INFO  c.r.p.PrenotazioniApplication - Started PrenotazioniApplication in 4.73 seconds (process running for 10.449)
14:30:57.639 [http-nio-8080-exec-2] INFO  o.a.c.c.C.[Tomcat].[localhost].[/] - Initializing Spring DispatcherServlet 'dispatcherServlet'
14:30:57.639 [http-nio-8080-exec-2] INFO  o.s.web.servlet.DispatcherServlet - Initializing Servlet 'dispatcherServlet'
14:30:57.641 [http-nio-8080-exec-2] INFO  o.s.web.servlet.DispatcherServlet - Completed initialization in 1 ms
14:30:57.801 [http-nio-8080-exec-2] WARN  o.h.e.jdbc.spi.SqlExceptionHelper - SQL Error: 0, SQLState: 23503
14:30:57.801 [http-nio-8080-exec-2] ERROR o.h.e.jdbc.spi.SqlExceptionHelper - ERROR: insert or update on table "postazioni" violates foreign key constraint "fk567dcy1xrko75goaugbwnfl8p"
  Dettaglio: Key (edificio_id)=(1) is not present in table "edifici".
14:30:57.834 [http-nio-8080-exec-2] WARN  o.s.w.s.m.m.a.ExceptionHandlerExceptionResolver - Resolved [org.springframework.dao.DataIntegrityViolationException: could not execute statement [ERROR: insert or update on table "postazioni" violates foreign key constraint "fk567dcy1xrko75goaugbwnfl8p"<EOL>  Dettaglio: Key (edificio_id)=(1) is not present in table "edifici".] [insert into postazioni (descrizione,edificio_id,num_max_occupanti,tipo) values (?,?,?,?)]; SQL [insert into postazioni (descrizione,edificio_id,num_max_occupanti,tipo) values (?,?,?,?)]; constraint [fk567dcy1xrko75goaugbwnfl8p]]
14:32:08.932 [http-nio-8080-exec-4] WARN  o.h.e.jdbc.spi.SqlExceptionHelper - SQL Error: 0, SQLState: 23503
14:32:08.932 [http-nio-8080-exec-4] ERROR o.h.e.jdbc.spi.SqlExceptionHelper - ERROR: insert or update on table "postazioni" violates foreign key constraint "fk567dcy1xrko75goaugbwnfl8p"
  Dettaglio: Key (edificio_id)=(1) is not present in table "edifici".
14:32:08.934 [http-nio-8080-exec-4] WARN  o.s.w.s.m.m.a.ExceptionHandlerExceptionResolver - Resolved [org.springframework.dao.DataIntegrityViolationException: could not execute statement [ERROR: insert or update on table "postazioni" violates foreign key constraint "fk567dcy1xrko75goaugbwnfl8p"<EOL>  Dettaglio: Key (edificio_id)=(1) is not present in table "edifici".] [insert into postazioni (descrizione,edificio_id,num_max_occupanti,tipo) values (?,?,?,?)]; SQL [insert into postazioni (descrizione,edificio_id,num_max_occupanti,tipo) values (?,?,?,?)]; constraint [fk567dcy1xrko75goaugbwnfl8p]]
14:36:54.017 [http-nio-8080-exec-6] WARN  o.h.e.jdbc.spi.SqlExceptionHelper - SQL Error: 0, SQLState: 23503
14:36:54.017 [http-nio-8080-exec-6] ERROR o.h.e.jdbc.spi.SqlExceptionHelper - ERROR: insert or update on table "postazioni" violates foreign key constraint "fk567dcy1xrko75goaugbwnfl8p"
  Dettaglio: Key (edificio_id)=(1) is not present in table "edifici".
14:36:54.019 [http-nio-8080-exec-6] WARN  o.s.w.s.m.m.a.ExceptionHandlerExceptionResolver - Resolved [org.springframework.dao.DataIntegrityViolationException: could not execute statement [ERROR: insert or update on table "postazioni" violates foreign key constraint "fk567dcy1xrko75goaugbwnfl8p"<EOL>  Dettaglio: Key (edificio_id)=(1) is not present in table "edifici".] [insert into postazioni (descrizione,edificio_id,num_max_occupanti,tipo) values (?,?,?,?)]; SQL [insert into postazioni (descrizione,edificio_id,num_max_occupanti,tipo) values (?,?,?,?)]; constraint [fk567dcy1xrko75goaugbwnfl8p]]
14:38:08.707 [http-nio-8080-exec-8] WARN  o.s.w.s.m.m.a.ExceptionHandlerExceptionResolver - Resolved [org.springframework.dao.DataIntegrityViolationException: not-null property references a null or transient value : com.ragalzi.prenotazioni.models.Edificio.citta]
15:07:27.747 [File Watcher] INFO  o.s.b.d.a.LocalDevToolsAutoConfiguration$RestartingClassPathChangeChangedEventListener - Restarting due to 1 class path change (0 additions, 0 deletions, 1 modification)
15:07:27.762 [Thread-5] INFO  o.a.catalina.core.StandardService - Stopping service [Tomcat]
15:07:27.764 [Thread-5] INFO  o.a.c.c.C.[Tomcat].[localhost].[/] - Destroying Spring FrameworkServlet 'dispatcherServlet'
15:07:27.772 [Thread-5] WARN  o.a.c.loader.WebappClassLoaderBase - The web application [ROOT] appears to have started a thread named [HikariPool-1 housekeeper] but has failed to stop it. This is very likely to create a memory leak. Stack trace of thread:
 java.base@17.0.7/jdk.internal.misc.Unsafe.park(Native Method)
 java.base@17.0.7/java.util.concurrent.locks.LockSupport.parkNanos(LockSupport.java:252)
 java.base@17.0.7/java.util.concurrent.locks.AbstractQueuedSynchronizer$ConditionObject.awaitNanos(AbstractQueuedSynchronizer.java:1672)
 java.base@17.0.7/java.util.concurrent.ScheduledThreadPoolExecutor$DelayedWorkQueue.take(ScheduledThreadPoolExecutor.java:1182)
 java.base@17.0.7/java.util.concurrent.ScheduledThreadPoolExecutor$DelayedWorkQueue.take(ScheduledThreadPoolExecutor.java:899)
 java.base@17.0.7/java.util.concurrent.ThreadPoolExecutor.getTask(ThreadPoolExecutor.java:1062)
 java.base@17.0.7/java.util.concurrent.ThreadPoolExecutor.runWorker(ThreadPoolExecutor.java:1122)
 java.base@17.0.7/java.util.concurrent.ThreadPoolExecutor$Worker.run(ThreadPoolExecutor.java:635)
 java.base@17.0.7/java.lang.Thread.run(Thread.java:833)
15:07:27.780 [Thread-5] INFO  o.s.o.j.LocalContainerEntityManagerFactoryBean - Closing JPA EntityManagerFactory for persistence unit 'default'
15:07:27.786 [Thread-5] INFO  com.zaxxer.hikari.HikariDataSource - HikariPool-1 - Shutdown initiated...
15:07:27.788 [Thread-5] INFO  com.zaxxer.hikari.HikariDataSource - HikariPool-1 - Shutdown completed.
15:07:27.890 [restartedMain] INFO  c.r.p.PrenotazioniApplication - Starting PrenotazioniApplication using Java 17.0.7 with PID 5895 (/Users/a/Downloads/Git_FS0123-main/prenotazioni/target/classes started by a in /Users/a/Downloads/Git_FS0123-main/prenotazioni)
15:07:27.890 [restartedMain] INFO  c.r.p.PrenotazioniApplication - No active profile set, falling back to 1 default profile: "default"
15:07:28.062 [restartedMain] INFO  o.s.d.r.c.RepositoryConfigurationDelegate - Bootstrapping Spring Data JPA repositories in DEFAULT mode.
15:07:28.080 [restartedMain] INFO  o.s.d.r.c.RepositoryConfigurationDelegate - Finished Spring Data repository scanning in 18 ms. Found 5 JPA repository interfaces.
15:07:28.222 [restartedMain] INFO  o.s.b.w.e.tomcat.TomcatWebServer - Tomcat initialized with port(s): 8080 (http)
15:07:28.223 [restartedMain] INFO  o.a.catalina.core.StandardService - Starting service [Tomcat]
15:07:28.223 [restartedMain] INFO  o.a.catalina.core.StandardEngine - Starting Servlet engine: [Apache Tomcat/10.1.8]
15:07:28.238 [restartedMain] INFO  o.a.c.c.C.[Tomcat].[localhost].[/] - Initializing Spring embedded WebApplicationContext
15:07:28.239 [restartedMain] INFO  o.s.b.w.s.c.ServletWebServerApplicationContext - Root WebApplicationContext: initialization completed in 345 ms
15:07:28.375 [restartedMain] INFO  o.h.jpa.internal.util.LogHelper - HHH000204: Processing PersistenceUnitInfo [name: default]
15:07:28.385 [restartedMain] INFO  o.h.b.i.BytecodeProviderInitiator - HHH000021: Bytecode provider name : bytebuddy
15:07:28.386 [restartedMain] INFO  o.s.o.j.p.SpringPersistenceUnitInfo - No LoadTimeWeaver setup: ignoring JPA class transformer
15:07:28.387 [restartedMain] INFO  com.zaxxer.hikari.HikariDataSource - HikariPool-2 - Starting...
15:07:28.420 [restartedMain] INFO  com.zaxxer.hikari.pool.HikariPool - HikariPool-2 - Added connection org.postgresql.jdbc.PgConnection@61b78539
15:07:28.420 [restartedMain] INFO  com.zaxxer.hikari.HikariDataSource - HikariPool-2 - Start completed.
15:07:28.428 [restartedMain] INFO  org.hibernate.orm.dialect - HHH035001: Using dialect: org.hibernate.dialect.PostgreSQLDialect, version: org.hibernate.engine.jdbc.env.internal.JdbcEnvironmentInitiator$DialectResolutionInfoImpl@6046941f
15:07:28.450 [restartedMain] INFO  o.h.b.i.BytecodeProviderInitiator - HHH000021: Bytecode provider name : bytebuddy
15:07:28.518 [restartedMain] INFO  o.h.e.t.j.p.i.JtaPlatformInitiator - HHH000490: Using JtaPlatform implementation: [org.hibernate.engine.transaction.jta.platform.internal.NoJtaPlatform]
15:07:28.636 [restartedMain] INFO  o.s.o.j.LocalContainerEntityManagerFactoryBean - Initialized JPA EntityManagerFactory for persistence unit 'default'
15:07:28.913 [restartedMain] WARN  o.s.b.a.o.j.JpaBaseConfiguration$JpaWebConfiguration - spring.jpa.open-in-view is enabled by default. Therefore, database queries may be performed during view rendering. Explicitly configure spring.jpa.open-in-view to disable this warning
15:07:29.034 [restartedMain] INFO  o.s.s.web.DefaultSecurityFilterChain - Will secure any request with [org.springframework.security.web.session.DisableEncodeUrlFilter@200d31ed, org.springframework.security.web.context.request.async.WebAsyncManagerIntegrationFilter@54a78aee, org.springframework.security.web.context.SecurityContextHolderFilter@70fd849, org.springframework.security.web.header.HeaderWriterFilter@b8312e4, org.springframework.web.filter.CorsFilter@5b2eb7ab, org.springframework.security.web.authentication.logout.LogoutFilter@1a7eca0d, com.ragalzi.prenotazioni.security.security.JwtAuthenticationFilter@2bd0738c, org.springframework.security.web.savedrequest.RequestCacheAwareFilter@2c242050, org.springframework.security.web.servletapi.SecurityContextHolderAwareRequestFilter@3fa31302, org.springframework.security.web.authentication.AnonymousAuthenticationFilter@2c9eba11, org.springframework.security.web.session.SessionManagementFilter@1218717d, org.springframework.security.web.access.ExceptionTranslationFilter@8447880, org.springframework.security.web.access.intercept.AuthorizationFilter@acfa10e]
15:07:29.081 [restartedMain] WARN  o.s.b.a.t.ThymeleafAutoConfiguration$DefaultTemplateResolverConfiguration - Cannot find template location: classpath:/templates/ (please add some templates, check your Thymeleaf configuration, or set spring.thymeleaf.check-template-location=false)
15:07:29.151 [restartedMain] INFO  o.s.b.d.a.OptionalLiveReloadServer - LiveReload server is running on port 35729
15:07:29.166 [restartedMain] INFO  o.s.b.w.e.tomcat.TomcatWebServer - Tomcat started on port(s): 8080 (http) with context path ''
15:07:29.171 [restartedMain] INFO  c.r.p.PrenotazioniApplication - Started PrenotazioniApplication in 1.312 seconds (process running for 2669.342)
15:07:29.174 [restartedMain] INFO  o.s.b.d.a.ConditionEvaluationDeltaLoggingListener - Condition evaluation unchanged
15:08:07.976 [File Watcher] INFO  o.s.b.d.a.LocalDevToolsAutoConfiguration$RestartingClassPathChangeChangedEventListener - Restarting due to 43 class path changes (0 additions, 43 deletions, 0 modifications)
15:08:07.979 [Thread-7] INFO  o.a.catalina.core.StandardService - Stopping service [Tomcat]
15:08:07.981 [Thread-7] WARN  o.a.c.loader.WebappClassLoaderBase - The web application [ROOT] appears to have started a thread named [HikariPool-2 housekeeper] but has failed to stop it. This is very likely to create a memory leak. Stack trace of thread:
 java.base@17.0.7/jdk.internal.misc.Unsafe.park(Native Method)
 java.base@17.0.7/java.util.concurrent.locks.LockSupport.parkNanos(LockSupport.java:252)
 java.base@17.0.7/java.util.concurrent.locks.AbstractQueuedSynchronizer$ConditionObject.awaitNanos(AbstractQueuedSynchronizer.java:1672)
 java.base@17.0.7/java.util.concurrent.ScheduledThreadPoolExecutor$DelayedWorkQueue.take(ScheduledThreadPoolExecutor.java:1182)
 java.base@17.0.7/java.util.concurrent.ScheduledThreadPoolExecutor$DelayedWorkQueue.take(ScheduledThreadPoolExecutor.java:899)
 java.base@17.0.7/java.util.concurrent.ThreadPoolExecutor.getTask(ThreadPoolExecutor.java:1062)
 java.base@17.0.7/java.util.concurrent.ThreadPoolExecutor.runWorker(ThreadPoolExecutor.java:1122)
 java.base@17.0.7/java.util.concurrent.ThreadPoolExecutor$Worker.run(ThreadPoolExecutor.java:635)
 java.base@17.0.7/java.lang.Thread.run(Thread.java:833)
15:08:07.985 [Thread-7] INFO  o.s.o.j.LocalContainerEntityManagerFactoryBean - Closing JPA EntityManagerFactory for persistence unit 'default'
15:08:07.986 [Thread-7] INFO  com.zaxxer.hikari.HikariDataSource - HikariPool-2 - Shutdown initiated...
15:08:07.987 [Thread-7] INFO  com.zaxxer.hikari.HikariDataSource - HikariPool-2 - Shutdown completed.
